"2023-12-14 20:42:52,226 INFO  [restartedMain] com.project.StudentManagementApplication:Starting StudentManagementApplication using Java 20.0.2 on DESKTOP-VEPESSL with PID 1152 (D:\DERSLERİM\JAVA\StudentManagementProject\StudentManagement\target\classes started by SELMA & IBRAHIM in D:\DERSLERİM\JAVA\StudentManagementProject\StudentManagement)
""2023-12-14 20:42:52,345 INFO  [restartedMain] com.project.StudentManagementApplication:No active profile set, falling back to 1 default profile: "default"
""2023-12-14 20:42:52,626 INFO  [restartedMain] org.springframework.boot.devtools.env.DevToolsPropertyDefaultsPostProcessor:Devtools property defaults active! Set 'spring.devtools.add-properties' to 'false' to disable
""2023-12-14 20:42:52,627 INFO  [restartedMain] org.springframework.boot.devtools.env.DevToolsPropertyDefaultsPostProcessor:For additional web related logging consider setting the 'logging.level.web' property to 'DEBUG'
""2023-12-14 20:42:57,789 INFO  [restartedMain] org.springframework.data.repository.config.RepositoryConfigurationDelegate:Bootstrapping Spring Data JPA repositories in DEFAULT mode.
""2023-12-14 20:42:58,209 INFO  [restartedMain] org.springframework.data.repository.config.RepositoryConfigurationDelegate:Finished Spring Data repository scanning in 385 ms. Found 3 JPA repository interfaces.
""2023-12-14 20:43:04,048 INFO  [restartedMain] org.springframework.boot.web.embedded.tomcat.TomcatWebServer:Tomcat initialized with port(s): 8080 (http)
""2023-12-14 20:43:04,103 INFO  [restartedMain] org.apache.catalina.core.StandardService:Starting service [Tomcat]
""2023-12-14 20:43:04,104 INFO  [restartedMain] org.apache.catalina.core.StandardEngine:Starting Servlet engine: [Apache Tomcat/9.0.68]
""2023-12-14 20:43:04,631 INFO  [restartedMain] org.apache.catalina.core.ContainerBase.[Tomcat].[localhost].[/]:Initializing Spring embedded WebApplicationContext
""2023-12-14 20:43:04,632 INFO  [restartedMain] org.springframework.boot.web.servlet.context.ServletWebServerApplicationContext:Root WebApplicationContext: initialization completed in 12003 ms
""2023-12-14 20:43:05,976 INFO  [restartedMain] org.hibernate.jpa.internal.util.LogHelper:HHH000204: Processing PersistenceUnitInfo [name: default]
""2023-12-14 20:43:06,358 INFO  [restartedMain] org.hibernate.Version:HHH000412: Hibernate ORM core version 5.6.12.Final
""2023-12-14 20:43:07,187 INFO  [restartedMain] org.hibernate.annotations.common.Version:HCANN000001: Hibernate Commons Annotations {5.1.2.Final}
""2023-12-14 20:43:07,732 INFO  [restartedMain] com.zaxxer.hikari.HikariDataSource:HikariPool-1 - Starting...
""2023-12-14 20:43:08,694 INFO  [restartedMain] com.zaxxer.hikari.HikariDataSource:HikariPool-1 - Start completed.
""2023-12-14 20:43:08,807 INFO  [restartedMain] org.hibernate.dialect.Dialect:HHH000400: Using dialect: org.hibernate.dialect.PostgreSQL81Dialect
""2023-12-14 20:43:15,425 INFO  [restartedMain] org.hibernate.engine.transaction.jta.platform.internal.JtaPlatformInitiator:HHH000490: Using JtaPlatform implementation: [org.hibernate.engine.transaction.jta.platform.internal.NoJtaPlatform]
""2023-12-14 20:43:15,451 INFO  [restartedMain] org.springframework.orm.jpa.LocalContainerEntityManagerFactoryBean:Initialized JPA EntityManagerFactory for persistence unit 'default'
""2023-12-14 20:43:19,592 WARN  [restartedMain] org.springframework.boot.autoconfigure.orm.jpa.JpaBaseConfiguration$JpaWebConfiguration:spring.jpa.open-in-view is enabled by default. Therefore, database queries may be performed during view rendering. Explicitly configure spring.jpa.open-in-view to disable this warning
""2023-12-14 20:43:20,404 INFO  [restartedMain] org.springframework.security.web.DefaultSecurityFilterChain:Will secure any request with [org.springframework.security.web.session.DisableEncodeUrlFilter@4c76f645, org.springframework.security.web.context.request.async.WebAsyncManagerIntegrationFilter@14f466c0, org.springframework.security.web.context.SecurityContextPersistenceFilter@67168231, org.springframework.security.web.header.HeaderWriterFilter@63a66fc5, org.springframework.web.filter.CorsFilter@462d1184, org.springframework.security.web.authentication.logout.LogoutFilter@4f695460, com.project.security.jwt.AuthTokenFilter@7cae87f5, org.springframework.security.web.savedrequest.RequestCacheAwareFilter@85594e5, org.springframework.security.web.servletapi.SecurityContextHolderAwareRequestFilter@339c1e78, org.springframework.security.web.authentication.AnonymousAuthenticationFilter@c6964e0, org.springframework.security.web.session.SessionManagementFilter@7dfba8ce, org.springframework.security.web.access.ExceptionTranslationFilter@5529fb02, org.springframework.security.web.access.intercept.FilterSecurityInterceptor@7c4483c8]
""2023-12-14 20:43:21,160 INFO  [restartedMain] org.springframework.boot.devtools.autoconfigure.OptionalLiveReloadServer:LiveReload server is running on port 35729
""2023-12-14 20:43:21,452 INFO  [restartedMain] org.springframework.boot.web.embedded.tomcat.TomcatWebServer:Tomcat started on port(s): 8080 (http) with context path ''
""2023-12-14 20:43:21,479 INFO  [restartedMain] com.project.StudentManagementApplication:Started StudentManagementApplication in 33.236 seconds (JVM running for 38.578)
""2023-12-14 20:44:13,860 INFO  [http-nio-8080-exec-2] org.apache.catalina.core.ContainerBase.[Tomcat].[localhost].[/]:Initializing Spring DispatcherServlet 'dispatcherServlet'
""2023-12-14 20:44:14,119 WARN  [http-nio-8080-exec-2] org.springframework.web.servlet.mvc.support.DefaultHandlerExceptionResolver:Resolved [org.springframework.web.HttpMediaTypeNotSupportedException: Content type 'text/plain;charset=UTF-8' not supported]
""2023-12-14 20:51:31,674 WARN  [http-nio-8080-exec-9] org.springframework.web.servlet.mvc.support.DefaultHandlerExceptionResolver:Resolved [org.springframework.http.converter.HttpMessageNotReadableException: JSON parse error: Unexpected character ('"' (code 34)): was expecting comma to separate Object entries; nested exception is com.fasterxml.jackson.core.JsonParseException: Unexpected character ('"' (code 34)): was expecting comma to separate Object entries<EOL> at [Source: (org.springframework.util.StreamUtils$NonClosingInputStream); line: 3, column: 6]]
""2023-12-14 20:52:20,014 WARN  [http-nio-8080-exec-1] org.springframework.web.servlet.mvc.annotation.ResponseStatusExceptionResolver:Resolved [com.project.exception.BadRequestException: you do not have any permission to do this operation]
""2023-12-14 21:02:13,887 WARN  [http-nio-8080-exec-3] org.springframework.web.servlet.mvc.support.DefaultHandlerExceptionResolver:Resolved [org.springframework.web.HttpMediaTypeNotSupportedException: Content type 'text/plain;charset=UTF-8' not supported]
""2023-12-14 21:02:24,066 WARN  [http-nio-8080-exec-4] org.springframework.web.servlet.mvc.support.DefaultHandlerExceptionResolver:Resolved [org.springframework.web.HttpMediaTypeNotSupportedException: Content type 'text/plain;charset=UTF-8' not supported]
""2023-12-14 21:10:17,771 WARN  [http-nio-8080-exec-6] org.springframework.web.servlet.mvc.annotation.ResponseStatusExceptionResolver:Resolved [com.project.exception.ResourceNotFoundException: Error: User not found with id : 4]
""2023-12-14 21:21:09,222 WARN  [http-nio-8080-exec-4] org.springframework.web.servlet.mvc.support.DefaultHandlerExceptionResolver:Resolved [org.springframework.web.HttpMediaTypeNotSupportedException: Content type 'text/plain;charset=UTF-8' not supported]
""2023-12-14 21:21:21,373 WARN  [http-nio-8080-exec-6] org.springframework.web.servlet.mvc.support.DefaultHandlerExceptionResolver:Resolved [org.springframework.web.HttpMediaTypeNotSupportedException: Content type 'text/plain;charset=UTF-8' not supported]
""2023-12-14 21:39:50,472 WARN  [http-nio-8080-exec-2] org.springframework.web.servlet.mvc.support.DefaultHandlerExceptionResolver:Resolved [org.springframework.web.HttpMediaTypeNotSupportedException: Content type 'text/plain;charset=UTF-8' not supported]
""2023-12-14 21:39:56,740 WARN  [http-nio-8080-exec-3] org.springframework.web.servlet.mvc.support.DefaultHandlerExceptionResolver:Resolved [org.springframework.web.HttpMediaTypeNotSupportedException: Content type 'text/plain;charset=UTF-8' not supported]
""2023-12-14 21:46:52,936 INFO  [SpringApplicationShutdownHook] org.springframework.orm.jpa.LocalContainerEntityManagerFactoryBean:Closing JPA EntityManagerFactory for persistence unit 'default'
""2023-12-14 21:46:52,957 INFO  [SpringApplicationShutdownHook] com.zaxxer.hikari.HikariDataSource:HikariPool-1 - Shutdown initiated...
""2023-12-14 21:46:53,137 INFO  [SpringApplicationShutdownHook] com.zaxxer.hikari.HikariDataSource:HikariPool-1 - Shutdown completed.
"